<?xml version="1.0" encoding="UTF-8"?>
<!-- Generated by org.testng.reporters.JUnitReportReporter -->
<testsuite hostname="Romanas-MBP" failures="0" tests="1" name="variousConcepts.CRMTEST" time="12.314" errors="0" timestamp="2024-02-01T03:01:40 EST" skipped="0">
  <testcase classname="variousConcepts.CRMTEST" name="testLogin" time="12.314"/>
  <system-out/>
</testsuite> <!-- variousConcepts.CRMTEST -->
