<?xml version="1.0" encoding="UTF-8"?>
<!-- Generated by org.testng.reporters.JUnitReportReporter -->
<testsuite hostname="Romanas-MBP" failures="0" tests="1" name="variousConcepts.Casswork" time="11.686" errors="0" timestamp="2024-01-24T22:23:16 EST" skipped="0">
  <testcase classname="variousConcepts.Casswork" name="testLogin" time="11.686"/>
  <system-out/>
</testsuite> <!-- variousConcepts.Casswork -->
