<?xml version="1.0" encoding="UTF-8"?>
<!-- Generated by org.testng.reporters.JUnitReportReporter -->
<testsuite hostname="Romanas-MBP" failures="0" tests="1" name="variousConcepts.TESTng" time="10.966" errors="0" timestamp="2024-01-21T14:20:18 EST" skipped="0">
  <testcase classname="variousConcepts.TESTng" name="testLogin" time="10.966"/>
  <system-out/>
</testsuite> <!-- variousConcepts.TESTng -->
